2026-04-22 08:13:27 [com.example.Main.main()] DEBUG BankAccount:20 - BankAccount initialized with balance: 1000.0
2026-04-22 08:13:27 [com.example.Main.main()] DEBUG Customer:20 - Customer created: name=batman@gotham.com email={}Batman
2026-04-22 08:13:27 [com.example.Main.main()] DEBUG Customer:36 - Attempting to extract email
2026-04-22 08:13:27 [com.example.Main.main()] DEBUG BankAccount:36 - Deposit - Pre-balance: 1000.0, Post-balance: 1700.0
2026-04-22 08:13:27 [com.example.Main.main()] INFO  BankAccount:37 - Successfully deposited 700.0. New balance=1700.0
2026-04-22 08:13:27 [com.example.Main.main()] DEBUG BankAccount:60 - Withdraw - Pre-balance: 1700.0, Post-balance: 1600.0
2026-04-22 08:13:27 [com.example.Main.main()] INFO  BankAccount:61 - Successfully withdrew 100.0. New balance=1600.0
2026-04-22 08:13:27 [com.example.Main.main()] ERROR BankAccount:52 - Insufficient funds: requested 2000.0, available 1600.0
2026-04-22 08:13:27 [com.example.Main.main()] WARN  BankAccount:28 - Invalid input: amount -36.0 is negative
2026-04-22 08:13:27 [com.example.Main.main()] FATAL BankAccount:75 - FATAL: System configuration error or database connection failure!
2026-04-22 08:15:04 [com.example.Main.main()] DEBUG BankAccount:20 - BankAccount initialized with balance: 1000.0
2026-04-22 08:15:04 [com.example.Main.main()] DEBUG Customer:20 - Customer created: name=Batman email=batman@gotham.com
2026-04-22 08:15:04 [com.example.Main.main()] DEBUG Customer:36 - Attempting to extract email
2026-04-22 08:15:04 [com.example.Main.main()] DEBUG BankAccount:36 - Deposit - Pre-balance: 1000.0, Post-balance: 1700.0
2026-04-22 08:15:04 [com.example.Main.main()] INFO  BankAccount:37 - Successfully deposited 700.0. New balance=1700.0
2026-04-22 08:15:04 [com.example.Main.main()] DEBUG BankAccount:60 - Withdraw - Pre-balance: 1700.0, Post-balance: 1600.0
2026-04-22 08:15:04 [com.example.Main.main()] INFO  BankAccount:61 - Successfully withdrew 100.0. New balance=1600.0
2026-04-22 08:15:04 [com.example.Main.main()] ERROR BankAccount:52 - Insufficient funds: requested 2000.0, available 1600.0
2026-04-22 08:15:04 [com.example.Main.main()] WARN  BankAccount:28 - Invalid input: amount -36.0 is negative
2026-04-22 08:15:04 [com.example.Main.main()] FATAL BankAccount:75 - FATAL: System configuration error or database connection failure!
2026-04-22 08:17:56 [com.example.Main.main()] DEBUG BankAccount:20 - BankAccount initialized with balance: 1000.0
2026-04-22 08:17:56 [com.example.Main.main()] DEBUG Customer:20 - Customer created: name=Batman email=batman@gotham.com
2026-04-22 08:17:56 [com.example.Main.main()] DEBUG Customer:36 - Attempting to extract email
2026-04-22 08:17:56 [com.example.Main.main()] DEBUG BankAccount:36 - Deposit - Pre-balance: 1000.0, Post-balance: 1700.0
2026-04-22 08:17:56 [com.example.Main.main()] INFO  BankAccount:37 - Successfully deposited 700.0. New balance=1700.0
2026-04-22 08:17:56 [com.example.Main.main()] DEBUG BankAccount:60 - Withdraw - Pre-balance: 1700.0, Post-balance: 1600.0
2026-04-22 08:17:56 [com.example.Main.main()] INFO  BankAccount:61 - Successfully withdrew 100.0. New balance=1600.0
2026-04-22 08:17:56 [com.example.Main.main()] ERROR BankAccount:52 - Insufficient funds: requested 2000.0, available 1600.0
2026-04-22 08:17:56 [com.example.Main.main()] WARN  BankAccount:28 - Invalid input: amount -36.0 is negative
2026-04-22 08:17:56 [com.example.Main.main()] FATAL BankAccount:75 - FATAL: System configuration error or database connection failure!
2026-04-22 08:21:17 [com.example.Main.main()] DEBUG BankAccount:20 - BankAccount initialized with balance: 1000.0
2026-04-22 08:21:17 [com.example.Main.main()] DEBUG Customer:20 - Customer created: name=Batman email=null
2026-04-22 08:21:17 [com.example.Main.main()] ERROR Customer:32 - Invalid email provided: null. Cannot extract domain.
2026-04-22 08:21:17 [com.example.Main.main()] DEBUG BankAccount:36 - Deposit - Pre-balance: 1000.0, Post-balance: 1700.0
2026-04-22 08:21:17 [com.example.Main.main()] INFO  BankAccount:37 - Successfully deposited 700.0. New balance=1700.0
2026-04-22 08:21:17 [com.example.Main.main()] DEBUG BankAccount:60 - Withdraw - Pre-balance: 1700.0, Post-balance: 1600.0
2026-04-22 08:21:17 [com.example.Main.main()] INFO  BankAccount:61 - Successfully withdrew 100.0. New balance=1600.0
2026-04-22 08:21:17 [com.example.Main.main()] ERROR BankAccount:52 - Insufficient funds: requested 2000.0, available 1600.0
2026-04-22 08:21:17 [com.example.Main.main()] WARN  BankAccount:28 - Invalid input: amount -36.0 is negative
2026-04-22 08:21:17 [com.example.Main.main()] FATAL BankAccount:75 - FATAL: System configuration error or database connection failure!
2026-04-22 08:24:33 [com.example.Main.main()] DEBUG BankAccount:20 - BankAccount initialized with balance: 1000.0
2026-04-22 08:24:33 [com.example.Main.main()] DEBUG Customer:20 - Customer created: name=Batman email=null
2026-04-22 08:24:33 [com.example.Main.main()] DEBUG Customer:36 - Attempting to extract email
2026-04-22 08:24:33 [com.example.Main.main()] INFO  Customer:40 - Failed at exctracting email!
2026-04-22 08:24:33 [com.example.Main.main()] DEBUG BankAccount:36 - Deposit - Pre-balance: 1000.0, Post-balance: 1700.0
2026-04-22 08:24:33 [com.example.Main.main()] INFO  BankAccount:37 - Successfully deposited 700.0. New balance=1700.0
2026-04-22 08:24:33 [com.example.Main.main()] DEBUG BankAccount:60 - Withdraw - Pre-balance: 1700.0, Post-balance: 1600.0
2026-04-22 08:24:33 [com.example.Main.main()] INFO  BankAccount:61 - Successfully withdrew 100.0. New balance=1600.0
2026-04-22 08:24:33 [com.example.Main.main()] ERROR BankAccount:52 - Insufficient funds: requested 2000.0, available 1600.0
2026-04-22 08:24:33 [com.example.Main.main()] WARN  BankAccount:28 - Invalid input: amount -36.0 is negative
2026-04-22 08:24:33 [com.example.Main.main()] FATAL BankAccount:75 - FATAL: System configuration error or database connection failure!
2026-04-22 08:26:03 [com.example.Main.main()] DEBUG BankAccount:20 - BankAccount initialized with balance: 1000.0
2026-04-22 08:26:03 [com.example.Main.main()] DEBUG Customer:20 - Customer created: name=Batman email=null
2026-04-22 08:26:03 [com.example.Main.main()] DEBUG Customer:36 - Attempting to extract email
2026-04-22 08:26:03 [com.example.Main.main()] ERROR Customer:40 - Failed at exctracting email!
2026-04-22 08:26:03 [com.example.Main.main()] DEBUG BankAccount:36 - Deposit - Pre-balance: 1000.0, Post-balance: 1700.0
2026-04-22 08:26:03 [com.example.Main.main()] INFO  BankAccount:37 - Successfully deposited 700.0. New balance=1700.0
2026-04-22 08:26:03 [com.example.Main.main()] DEBUG BankAccount:60 - Withdraw - Pre-balance: 1700.0, Post-balance: 1600.0
2026-04-22 08:26:03 [com.example.Main.main()] INFO  BankAccount:61 - Successfully withdrew 100.0. New balance=1600.0
2026-04-22 08:26:03 [com.example.Main.main()] ERROR BankAccount:52 - Insufficient funds: requested 2000.0, available 1600.0
2026-04-22 08:26:03 [com.example.Main.main()] WARN  BankAccount:28 - Invalid input: amount -36.0 is negative
2026-04-22 08:26:03 [com.example.Main.main()] FATAL BankAccount:75 - FATAL: System configuration error or database connection failure!
2026-04-22 08:29:35 [com.example.Main.main()] DEBUG BankAccount:20 - BankAccount initialized with balance: 1000.0
2026-04-22 08:29:35 [com.example.Main.main()] DEBUG Customer:20 - Customer created: name=Batman email=null
2026-04-22 08:30:02 [com.example.Main.main()] DEBUG BankAccount:20 - BankAccount initialized with balance: 1000.0
2026-04-22 08:30:02 [com.example.Main.main()] DEBUG Customer:20 - Customer created: name=Batman email=null
2026-04-22 08:30:02 [com.example.Main.main()] DEBUG Customer:36 - Attempting to extract email
2026-04-22 08:33:49 [com.example.Main.main()] DEBUG BankAccount:20 - BankAccount initialized with balance: 1000.0
2026-04-22 08:33:49 [com.example.Main.main()] DEBUG Customer:20 - Customer created: name=Batman email=null
2026-04-22 08:33:49 [com.example.Main.main()] DEBUG Customer:36 - Attempting to extract email
2026-04-22 08:33:49 [com.example.Main.main()] ERROR Customer:41 - Failed at exctracting email!
2026-04-22 08:33:49 [com.example.Main.main()] DEBUG BankAccount:36 - Deposit - Pre-balance: 1000.0, Post-balance: 1700.0
2026-04-22 08:33:49 [com.example.Main.main()] INFO  BankAccount:37 - Successfully deposited 700.0. New balance=1700.0
2026-04-22 08:33:49 [com.example.Main.main()] DEBUG BankAccount:60 - Withdraw - Pre-balance: 1700.0, Post-balance: 1600.0
2026-04-22 08:33:49 [com.example.Main.main()] INFO  BankAccount:61 - Successfully withdrew 100.0. New balance=1600.0
2026-04-22 08:33:49 [com.example.Main.main()] ERROR BankAccount:52 - Insufficient funds: requested 2000.0, available 1600.0
2026-04-22 08:33:49 [com.example.Main.main()] WARN  BankAccount:28 - Invalid input: amount -36.0 is negative
2026-04-22 08:33:49 [com.example.Main.main()] FATAL BankAccount:75 - FATAL: System configuration error or database connection failure!
2026-04-22 08:37:20 [com.example.Main.main()] DEBUG BankAccount:20 - BankAccount initialized with balance: 1000.0
2026-04-22 08:37:20 [com.example.Main.main()] DEBUG Customer:20 - Customer created: name=Batman email=null
2026-04-22 08:37:20 [com.example.Main.main()] DEBUG Customer:36 - Attempting to extract email
2026-04-22 08:37:20 [com.example.Main.main()] ERROR Customer:41 - Failed at exctracting email!
2026-04-22 08:37:20 [com.example.Main.main()] DEBUG BankAccount:36 - Deposit - Pre-balance: 1000.0, Post-balance: 1700.0
2026-04-22 08:37:20 [com.example.Main.main()] INFO  BankAccount:37 - Successfully deposited 700.0. New balance=1700.0
2026-04-22 08:37:20 [com.example.Main.main()] DEBUG BankAccount:60 - Withdraw - Pre-balance: 1700.0, Post-balance: 1600.0
2026-04-22 08:37:20 [com.example.Main.main()] INFO  BankAccount:61 - Successfully withdrew 100.0. New balance=1600.0
2026-04-22 08:37:20 [com.example.Main.main()] ERROR BankAccount:52 - Insufficient funds: requested 2000.0, available 1600.0
2026-04-22 08:37:20 [com.example.Main.main()] WARN  BankAccount:28 - Invalid input: amount -36.0 is negative
2026-04-22 08:37:20 [com.example.Main.main()] FATAL BankAccount:75 - FATAL: System configuration error or database connection failure!
2026-04-22 08:39:04 [com.example.Main.main()] DEBUG BankAccount:20 - BankAccount initialized with balance: 1000.0
2026-04-22 08:39:04 [com.example.Main.main()] DEBUG Customer:20 - Customer created: name=Batman email=null
2026-04-22 08:39:04 [com.example.Main.main()] DEBUG Customer:36 - Attempting to extract email
2026-04-22 08:39:04 [com.example.Main.main()] ERROR Customer:41 - Failed at exctracting email!
2026-04-22 08:39:04 [com.example.Main.main()] DEBUG BankAccount:36 - Deposit - Pre-balance: 1000.0, Post-balance: 1700.0
2026-04-22 08:39:04 [com.example.Main.main()] INFO  BankAccount:37 - Successfully deposited 700.0. New balance=1700.0
2026-04-22 08:39:04 [com.example.Main.main()] DEBUG BankAccount:60 - Withdraw - Pre-balance: 1700.0, Post-balance: 1600.0
2026-04-22 08:39:04 [com.example.Main.main()] INFO  BankAccount:61 - Successfully withdrew 100.0. New balance=1600.0
2026-04-22 08:39:04 [com.example.Main.main()] ERROR BankAccount:52 - Insufficient funds: requested 2000.0, available 1600.0
2026-04-22 08:39:04 [com.example.Main.main()] WARN  BankAccount:28 - Invalid input: amount -36.0 is negative
2026-04-22 08:39:04 [com.example.Main.main()] FATAL BankAccount:75 - FATAL: System configuration error or database connection failure!
2026-04-22 08:40:01 [com.example.Main.main()] DEBUG BankAccount:20 - BankAccount initialized with balance: 1000.0
2026-04-22 08:40:01 [com.example.Main.main()] DEBUG Customer:20 - Customer created: name=Batman email=null
2026-04-22 08:40:01 [com.example.Main.main()] DEBUG Customer:36 - Attempting to extract email
2026-04-22 08:40:01 [com.example.Main.main()] ERROR Customer:41 - Failed at exctracting email!
2026-04-22 08:40:01 [com.example.Main.main()] DEBUG BankAccount:36 - Deposit - Pre-balance: 1000.0, Post-balance: 1700.0
2026-04-22 08:40:01 [com.example.Main.main()] INFO  BankAccount:37 - Successfully deposited 700.0. New balance=1700.0
2026-04-22 08:40:01 [com.example.Main.main()] DEBUG BankAccount:60 - Withdraw - Pre-balance: 1700.0, Post-balance: 1600.0
2026-04-22 08:40:01 [com.example.Main.main()] INFO  BankAccount:61 - Successfully withdrew 100.0. New balance=1600.0
2026-04-22 08:40:01 [com.example.Main.main()] ERROR BankAccount:52 - Insufficient funds: requested 2000.0, available 1600.0
2026-04-22 08:40:01 [com.example.Main.main()] WARN  BankAccount:28 - Invalid input: amount -36.0 is negative
2026-04-22 08:40:01 [com.example.Main.main()] FATAL BankAccount:75 - FATAL: System configuration error or database connection failure!
2026-04-22 08:49:15 [com.example.Main.main()] DEBUG BankAccount:20 - BankAccount initialized with balance: 1000.0
2026-04-22 08:49:15 [com.example.Main.main()] DEBUG Customer:20 - Customer created: name=Batman email=***
2026-04-22 08:49:15 [com.example.Main.main()] DEBUG Customer:41 - Attempting to extract email
2026-04-22 08:49:15 [com.example.Main.main()] ERROR Customer:46 - Failed at exctracting email!
2026-04-22 08:49:15 [com.example.Main.main()] DEBUG BankAccount:36 - Deposit - Pre-balance: 1000.0, Post-balance: 1700.0
2026-04-22 08:49:15 [com.example.Main.main()] INFO  BankAccount:37 - Successfully deposited 700.0. New balance=1700.0
2026-04-22 08:49:15 [com.example.Main.main()] DEBUG BankAccount:60 - Withdraw - Pre-balance: 1700.0, Post-balance: 1600.0
2026-04-22 08:49:15 [com.example.Main.main()] INFO  BankAccount:61 - Successfully withdrew 100.0. New balance=1600.0
2026-04-22 08:49:15 [com.example.Main.main()] ERROR BankAccount:52 - Insufficient funds: requested 2000.0, available 1600.0
2026-04-22 08:49:15 [com.example.Main.main()] WARN  BankAccount:28 - Invalid input: amount -36.0 is negative
2026-04-22 08:49:15 [com.example.Main.main()] FATAL BankAccount:75 - FATAL: System configuration error or database connection failure!
2026-04-22 08:51:43 [com.example.Main.main()] ERROR Customer:46 - Failed at exctracting email!
2026-04-22 08:51:43 [com.example.Main.main()] INFO  BankAccount:37 - Successfully deposited 700.0. New balance=1700.0
2026-04-22 08:51:43 [com.example.Main.main()] INFO  BankAccount:61 - Successfully withdrew 100.0. New balance=1600.0
2026-04-22 08:51:43 [com.example.Main.main()] ERROR BankAccount:52 - Insufficient funds: requested 2000.0, available 1600.0
2026-04-22 08:51:43 [com.example.Main.main()] WARN  BankAccount:28 - Invalid input: amount -36.0 is negative
2026-04-22 08:51:43 [com.example.Main.main()] FATAL BankAccount:75 - FATAL: System configuration error or database connection failure!
